#
# There is insufficient memory for the Java Runtime Environment to continue.
# Native memory allocation (mmap) failed to map 68157440 bytes for Failed to commit area from 0x000000008a300000 to 0x000000008e400000 of length 68157440.
# Possible reasons:
#   The system is out of physical RAM or swap space
#   The process is running with CompressedOops enabled, and the Java Heap may be blocking the growth of the native heap
# Possible solutions:
#   Reduce memory load on the system
#   Increase physical memory or swap space
#   Check if swap backing store is full
#   Decrease Java heap size (-Xmx/-Xms)
#   Decrease number of Java threads
#   Decrease Java thread stack sizes (-Xss)
#   Set larger code cache with -XX:ReservedCodeCacheSize=
#   JVM is running with Unscaled Compressed Oops mode in which the Java heap is
#     placed in the first 4GB address space. The Java Heap base address is the
#     maximum limit for the native heap growth. Please use -XX:HeapBaseMinAddress
#     to set the Java Heap base and to place the Java Heap above 4GB virtual address.
# This output file may be truncated or incomplete.
#
#  Out of Memory Error (./open/src/hotspot/os/windows/os_windows.cpp:3276), pid=4960, tid=5404
#
# JRE version: Java(TM) SE Runtime Environment 18.9 (11.0.13+10) (build 11.0.13+10-LTS-370)
# Java VM: Java HotSpot(TM) 64-Bit Server VM 18.9 (11.0.13+10-LTS-370, mixed mode, tiered, compressed oops, g1 gc, windows-amd64)
# No core dump will be written. Minidumps are not enabled by default on client versions of Windows
#

---------------  S U M M A R Y ------------

Command Line: -Dcom.sun.management.jmxremote -Dcom.sun.management.jmxremote.port=56377 -Dcom.sun.management.jmxremote.authenticate=false -Dcom.sun.management.jmxremote.ssl=false -Djava.rmi.server.hostname=localhost -Dspring.jmx.enabled=true -Dspring.application.admin.enabled=true -XX:TieredStopAtLevel=1 -Dspring.boot.project.name=greeting-service -Dfile.encoding=UTF-8 com.javatechie.spring.consul.api.GreetingServiceApplication --spring.output.ansi.enabled=always

Host: Intel(R) Xeon(R) Platinum 8272CL CPU @ 2.60GHz, 2 cores, 7G,  Windows 10 , 64 bit Build 19041 (10.0.19041.1706)
Time: Tue May 31 07:30:25 2022 Coordinated Universal Time elapsed time: 5.663498 seconds (0d 0h 0m 5s)

---------------  T H R E A D  ---------------

Current thread (0x0000020243649000):  VMThread "VM Thread" [stack: 0x0000006356300000,0x0000006356400000] [id=5404]

Stack: [0x0000006356300000,0x0000006356400000]
[error occurred during error reporting (printing stack bounds), id 0xc0000005, EXCEPTION_ACCESS_VIOLATION (0xc0000005) at pc=0x000002022da210e7]

Native frames: (J=compiled Java code, j=interpreted, Vv=VM code, C=native code)
V  [jvm.dll+0x62870a]
V  [jvm.dll+0x761f2f]
V  [jvm.dll+0x7635d9]
V  [jvm.dll+0x763bc5]
V  [jvm.dll+0x763b7b]
V  [jvm.dll+0x627c53]
V  [jvm.dll+0x628308]
C  [ntdll.dll+0xa209f]
C  [ntdll.dll+0x51454]
C  [ntdll.dll+0xa0bce]
C  0x000002022da210e7

VM_Operation (0x0000006355dfcb00): G1CollectForAllocation, mode: safepoint, requested by thread 0x00000202263f5800


---------------  P R O C E S S  ---------------

Threads class SMR info:
_java_thread_list=0x00000202464197e0, length=19, elements={
0x00000202263f5800, 0x000002024364b000, 0x0000020243654800, 0x0000020243668800,
0x0000020243669800, 0x000002024366e800, 0x000002024367b800, 0x000002024367e000,
0x00000202440eb000, 0x0000020244713800, 0x0000020244708800, 0x000002024476a800,
0x0000020244937000, 0x0000020244b39000, 0x00000202447c2800, 0x000002024485e000,
0x00000202461af800, 0x00000202461ae800, 0x00000202461b3000
}

Java Threads: ( => current thread )
  0x00000202263f5800 JavaThread "main" [_thread_blocked, id=11292, stack(0x0000006355d00000,0x0000006355e00000)]
  0x000002024364b000 JavaThread "Reference Handler" daemon [_thread_blocked, id=4908, stack(0x0000006356400000,0x0000006356500000)]
  0x0000020243654800 JavaThread "Finalizer" daemon [_thread_blocked, id=10968, stack(0x0000006356500000,0x0000006356600000)]
  0x0000020243668800 JavaThread "Signal Dispatcher" daemon [_thread_blocked, id=2176, stack(0x0000006356600000,0x0000006356700000)]
  0x0000020243669800 JavaThread "Attach Listener" daemon [_thread_blocked, id=6088, stack(0x0000006356700000,0x0000006356800000)]
  0x000002024366e800 JavaThread "Service Thread" daemon [_thread_blocked, id=10372, stack(0x0000006356800000,0x0000006356900000)]
  0x000002024367b800 JavaThread "C1 CompilerThread0" daemon [_thread_blocked, id=10956, stack(0x0000006356900000,0x0000006356a00000)]
  0x000002024367e000 JavaThread "Sweeper thread" daemon [_thread_blocked, id=10156, stack(0x0000006356a00000,0x0000006356b00000)]
  0x00000202440eb000 JavaThread "Common-Cleaner" daemon [_thread_blocked, id=9804, stack(0x0000006356b00000,0x0000006356c00000)]
  0x0000020244713800 JavaThread "RMI TCP Accept-0" daemon [_thread_in_native, id=968, stack(0x0000006356d00000,0x0000006356e00000)]
  0x0000020244708800 JavaThread "RMI TCP Accept-56377" daemon [_thread_in_native, id=6688, stack(0x0000006356e00000,0x0000006356f00000)]
  0x000002024476a800 JavaThread "RMI TCP Accept-0" daemon [_thread_in_native, id=5276, stack(0x0000006356f00000,0x0000006357000000)]
  0x0000020244937000 JavaThread "RMI TCP Connection(1)-127.0.0.1" daemon [_thread_in_native, id=7768, stack(0x0000006357100000,0x0000006357200000)]
  0x0000020244b39000 JavaThread "RMI TCP Connection(2)-127.0.0.1" daemon [_thread_blocked, id=7128, stack(0x0000006357200000,0x0000006357300000)]
  0x00000202447c2800 JavaThread "RMI Scheduler(0)" daemon [_thread_blocked, id=10680, stack(0x0000006357300000,0x0000006357400000)]
  0x000002024485e000 JavaThread "JMX server connection timeout 18" daemon [_thread_blocked, id=12236, stack(0x0000006357400000,0x0000006357500000)]
  0x00000202461af800 JavaThread "Catalina-utility-1" [_thread_blocked, id=5904, stack(0x0000006357500000,0x0000006357600000)]
  0x00000202461ae800 JavaThread "Catalina-utility-2" [_thread_blocked, id=1488, stack(0x0000006357600000,0x0000006357700000)]
  0x00000202461b3000 JavaThread "container-0" [_thread_blocked, id=5032, stack(0x0000006357700000,0x0000006357800000)]

Other Threads:
=>0x0000020243649000 VMThread "VM Thread" [stack: 0x0000006356300000,0x0000006356400000] [id=5404]
  0x0000020244709000 WatcherThread [stack: 0x0000006357000000,0x0000006357100000] [id=5460]
  0x000002022640b800 GCTaskThread "GC Thread#0" [stack: 0x0000006355e00000,0x0000006355f00000] [id=9616]
  0x000002024439a000 GCTaskThread "GC Thread#1" [stack: 0x0000006356c00000,0x0000006356d00000] [id=5592]
  0x000002022643c000 ConcurrentGCThread "G1 Main Marker" [stack: 0x0000006355f00000,0x0000006356000000] [id=2104]
  0x000002022643d800 ConcurrentGCThread "G1 Conc#0" [stack: 0x0000006356000000,0x0000006356100000] [id=9068]
  0x00000202264cb000 ConcurrentGCThread "G1 Refine#0" [stack: 0x0000006356100000,0x0000006356200000] [id=2980]
  0x00000202264cc000 ConcurrentGCThread "G1 Young RemSet Sampling" [stack: 0x0000006356200000,0x0000006356300000] [id=1852]

Threads with active compile tasks:

VM state:at safepoint (normal execution)

VM Mutex/Monitor currently owned by a thread:  ([mutex/lock_event])
[0x00000202263f3160] Threads_lock - owner thread: 0x0000020243649000
[0x00000202263f2aa0] Heap_lock - owner thread: 0x00000202263f5800

Heap address: 0x0000000080000000, size: 2048 MB, Compressed Oops mode: 32-bit
Narrow klass base: 0x0000000000000000, Narrow klass shift: 3
Compressed class space size: 1073741824 Address: 0x0000000100000000

Heap:
 garbage-first heap   total 233472K, used 24505K [0x0000000080000000, 0x0000000100000000)
  region size 1024K, 12 young (12288K), 12 survivors (12288K)
 Metaspace       used 44501K, capacity 45664K, committed 45900K, reserved 1089536K
  class space    used 5698K, capacity 6154K, committed 6220K, reserved 1048576K
Heap Regions: E=young(eden), S=young(survivor), O=old, HS=humongous(starts), HC=humongous(continues), CS=collection set, F=free, A=archive, TAMS=top-at-mark-start (previous, next)
|   0|0x0000000080000000, 0x0000000080100000, 0x0000000080100000|100%| O|  |TAMS 0x0000000080100000, 0x0000000080000000| Untracked 
|   1|0x0000000080100000, 0x0000000080200000, 0x0000000080200000|100%| O|  |TAMS 0x0000000080200000, 0x0000000080100000| Untracked 
|   2|0x0000000080200000, 0x0000000080300000, 0x0000000080300000|100%| O|  |TAMS 0x0000000080300000, 0x0000000080200000| Untracked 
|   3|0x0000000080300000, 0x0000000080400000, 0x0000000080400000|100%| O|  |TAMS 0x0000000080400000, 0x0000000080300000| Untracked 
|   4|0x0000000080400000, 0x0000000080500000, 0x0000000080500000|100%| O|  |TAMS 0x0000000080500000, 0x0000000080400000| Untracked 
|   5|0x0000000080500000, 0x0000000080600000, 0x0000000080600000|100%| O|  |TAMS 0x0000000080600000, 0x0000000080500000| Untracked 
|   6|0x0000000080600000, 0x0000000080700000, 0x0000000080700000|100%| O|  |TAMS 0x0000000080700000, 0x0000000080600000| Untracked 
|   7|0x0000000080700000, 0x0000000080800000, 0x0000000080800000|100%| O|  |TAMS 0x0000000080800000, 0x0000000080700000| Untracked 
|   8|0x0000000080800000, 0x0000000080900000, 0x0000000080900000|100%| O|  |TAMS 0x0000000080814600, 0x0000000080800000| Untracked 
|   9|0x0000000080900000, 0x0000000080900000, 0x0000000080a00000|  0%| F|  |TAMS 0x0000000080900000, 0x0000000080900000| Untracked 
|  10|0x0000000080a00000, 0x0000000080b00000, 0x0000000080b00000|100%| O|  |TAMS 0x0000000080a00000, 0x0000000080a00000| Untracked 
|  11|0x0000000080b00000, 0x0000000080c00000, 0x0000000080c00000|100%| O|  |TAMS 0x0000000080b00000, 0x0000000080b00000| Untracked 
|  12|0x0000000080c00000, 0x0000000080cee400, 0x0000000080d00000| 93%| O|  |TAMS 0x0000000080c00000, 0x0000000080c00000| Untracked 
|  13|0x0000000080d00000, 0x0000000080d00000, 0x0000000080e00000|  0%| F|  |TAMS 0x0000000080d00000, 0x0000000080d00000| Untracked 
|  14|0x0000000080e00000, 0x0000000080e00000, 0x0000000080f00000|  0%| F|  |TAMS 0x0000000080e00000, 0x0000000080e00000| Untracked 
|  15|0x0000000080f00000, 0x0000000080f00000, 0x0000000081000000|  0%| F|  |TAMS 0x0000000080f00000, 0x0000000080f00000| Untracked 
|  16|0x0000000081000000, 0x0000000081000000, 0x0000000081100000|  0%| F|  |TAMS 0x0000000081000000, 0x0000000081000000| Untracked 
|  17|0x0000000081100000, 0x0000000081100000, 0x0000000081200000|  0%| F|  |TAMS 0x0000000081100000, 0x0000000081100000| Untracked 
|  18|0x0000000081200000, 0x0000000081200000, 0x0000000081300000|  0%| F|  |TAMS 0x0000000081200000, 0x0000000081200000| Untracked 
|  19|0x0000000081300000, 0x0000000081300000, 0x0000000081400000|  0%| F|  |TAMS 0x0000000081300000, 0x0000000081300000| Untracked 
|  20|0x0000000081400000, 0x0000000081400000, 0x0000000081500000|  0%| F|  |TAMS 0x0000000081400000, 0x0000000081400000| Untracked 
|  21|0x0000000081500000, 0x0000000081500000, 0x0000000081600000|  0%| F|  |TAMS 0x0000000081500000, 0x0000000081500000| Untracked 
|  22|0x0000000081600000, 0x0000000081600000, 0x0000000081700000|  0%| F|  |TAMS 0x0000000081600000, 0x0000000081600000| Untracked 
|  23|0x0000000081700000, 0x0000000081700000, 0x0000000081800000|  0%| F|  |TAMS 0x0000000081700000, 0x0000000081700000| Untracked 
|  24|0x0000000081800000, 0x0000000081800000, 0x0000000081900000|  0%| F|  |TAMS 0x0000000081800000, 0x0000000081800000| Untracked 
|  25|0x0000000081900000, 0x0000000081900000, 0x0000000081a00000|  0%| F|  |TAMS 0x0000000081900000, 0x0000000081900000| Untracked 
|  26|0x0000000081a00000, 0x0000000081a00000, 0x0000000081b00000|  0%| F|  |TAMS 0x0000000081a00000, 0x0000000081a00000| Untracked 
|  27|0x0000000081b00000, 0x0000000081b00000, 0x0000000081c00000|  0%| F|  |TAMS 0x0000000081b00000, 0x0000000081b00000| Untracked 
|  28|0x0000000081c00000, 0x0000000081c00000, 0x0000000081d00000|  0%| F|  |TAMS 0x0000000081c00000, 0x0000000081c00000| Untracked 
|  29|0x0000000081d00000, 0x0000000081d00000, 0x0000000081e00000|  0%| F|  |TAMS 0x0000000081d00000, 0x0000000081d00000| Untracked 
|  30|0x0000000081e00000, 0x0000000081e00000, 0x0000000081f00000|  0%| F|  |TAMS 0x0000000081e00000, 0x0000000081e00000| Untracked 
|  31|0x0000000081f00000, 0x0000000081f00000, 0x0000000082000000|  0%| F|  |TAMS 0x0000000081f00000, 0x0000000081f00000| Untracked 
|  32|0x0000000082000000, 0x0000000082000000, 0x0000000082100000|  0%| F|  |TAMS 0x0000000082000000, 0x0000000082000000| Untracked 
|  33|0x0000000082100000, 0x0000000082100000, 0x0000000082200000|  0%| F|  |TAMS 0x0000000082100000, 0x0000000082100000| Untracked 
|  34|0x0000000082200000, 0x0000000082200000, 0x0000000082300000|  0%| F|  |TAMS 0x0000000082200000, 0x0000000082200000| Untracked 
|  35|0x0000000082300000, 0x0000000082300000, 0x0000000082400000|  0%| F|  |TAMS 0x0000000082300000, 0x0000000082300000| Untracked 
|  36|0x0000000082400000, 0x0000000082400000, 0x0000000082500000|  0%| F|  |TAMS 0x0000000082400000, 0x0000000082400000| Untracked 
|  37|0x0000000082500000, 0x0000000082500000, 0x0000000082600000|  0%| F|  |TAMS 0x0000000082500000, 0x0000000082500000| Untracked 
|  38|0x0000000082600000, 0x0000000082600000, 0x0000000082700000|  0%| F|  |TAMS 0x0000000082600000, 0x0000000082600000| Untracked 
|  39|0x0000000082700000, 0x0000000082700000, 0x0000000082800000|  0%| F|  |TAMS 0x0000000082700000, 0x0000000082700000| Untracked 
|  40|0x0000000082800000, 0x0000000082800000, 0x0000000082900000|  0%| F|  |TAMS 0x0000000082800000, 0x0000000082800000| Untracked 
|  41|0x0000000082900000, 0x0000000082900000, 0x0000000082a00000|  0%| F|  |TAMS 0x0000000082900000, 0x0000000082900000| Untracked 
|  42|0x0000000082a00000, 0x0000000082a00000, 0x0000000082b00000|  0%| F|  |TAMS 0x0000000082a00000, 0x0000000082a00000| Untracked 
|  43|0x0000000082b00000, 0x0000000082b00000, 0x0000000082c00000|  0%| F|  |TAMS 0x0000000082b00000, 0x0000000082b00000| Untracked 
|  44|0x0000000082c00000, 0x0000000082c00000, 0x0000000082d00000|  0%| F|  |TAMS 0x0000000082c00000, 0x0000000082c00000| Untracked 
|  45|0x0000000082d00000, 0x0000000082d00000, 0x0000000082e00000|  0%| F|  |TAMS 0x0000000082d00000, 0x0000000082d00000| Untracked 
|  46|0x0000000082e00000, 0x0000000082e00000, 0x0000000082f00000|  0%| F|  |TAMS 0x0000000082e00000, 0x0000000082e00000| Untracked 
|  47|0x0000000082f00000, 0x0000000082f00000, 0x0000000083000000|  0%| F|  |TAMS 0x0000000082f00000, 0x0000000082f00000| Untracked 
|  48|0x0000000083000000, 0x0000000083000000, 0x0000000083100000|  0%| F|  |TAMS 0x0000000083000000, 0x0000000083000000| Untracked 
|  49|0x0000000083100000, 0x0000000083100000, 0x0000000083200000|  0%| F|  |TAMS 0x0000000083100000, 0x0000000083100000| Untracked 
|  50|0x0000000083200000, 0x0000000083200000, 0x0000000083300000|  0%| F|  |TAMS 0x0000000083200000, 0x0000000083200000| Untracked 
|  51|0x0000000083300000, 0x0000000083300000, 0x0000000083400000|  0%| F|  |TAMS 0x0000000083300000, 0x0000000083300000| Untracked 
|  52|0x0000000083400000, 0x0000000083400000, 0x0000000083500000|  0%| F|  |TAMS 0x0000000083400000, 0x0000000083400000| Untracked 
|  53|0x0000000083500000, 0x0000000083500000, 0x0000000083600000|  0%| F|  |TAMS 0x0000000083500000, 0x0000000083500000| Untracked 
|  54|0x0000000083600000, 0x0000000083600000, 0x0000000083700000|  0%| F|  |TAMS 0x0000000083600000, 0x0000000083600000| Untracked 
|  55|0x0000000083700000, 0x0000000083700000, 0x0000000083800000|  0%| F|  |TAMS 0x0000000083700000, 0x0000000083700000| Untracked 
|  56|0x0000000083800000, 0x0000000083800000, 0x0000000083900000|  0%| F|  |TAMS 0x0000000083800000, 0x0000000083800000| Untracked 
|  57|0x0000000083900000, 0x0000000083a00000, 0x0000000083a00000|100%| S|CS|TAMS 0x0000000083900000, 0x0000000083900000| Complete 
|  58|0x0000000083a00000, 0x0000000083b00000, 0x0000000083b00000|100%| S|CS|TAMS 0x0000000083a00000, 0x0000000083a00000| Complete 
|  59|0x0000000083b00000, 0x0000000083c00000, 0x0000000083c00000|100%| S|CS|TAMS 0x0000000083b00000, 0x0000000083b00000| Complete 
|  60|0x0000000083c00000, 0x0000000083d00000, 0x0000000083d00000|100%| S|CS|TAMS 0x0000000083c00000, 0x0000000083c00000| Complete 
|  61|0x0000000083d00000, 0x0000000083e00000, 0x0000000083e00000|100%| S|CS|TAMS 0x0000000083d00000, 0x0000000083d00000| Complete 
|  62|0x0000000083e00000, 0x0000000083f00000, 0x0000000083f00000|100%| S|CS|TAMS 0x0000000083e00000, 0x0000000083e00000| Complete 
|  63|0x0000000083f00000, 0x0000000084000000, 0x0000000084000000|100%| S|CS|TAMS 0x0000000083f00000, 0x0000000083f00000| Complete 
|  64|0x0000000084000000, 0x0000000084100000, 0x0000000084100000|100%| S|CS|TAMS 0x0000000084000000, 0x0000000084000000| Complete 
|  65|0x0000000084100000, 0x0000000084200000, 0x0000000084200000|100%| S|CS|TAMS 0x0000000084100000, 0x0000000084100000| Complete 
|  66|0x0000000084200000, 0x0000000084300000, 0x0000000084300000|100%| S|CS|TAMS 0x0000000084200000, 0x0000000084200000| Complete 
|  67|0x0000000084300000, 0x0000000084400000, 0x0000000084400000|100%| S|CS|TAMS 0x0000000084300000, 0x0000000084300000| Complete 
|  68|0x0000000084400000, 0x0000000084500000, 0x0000000084500000|100%| S|CS|TAMS 0x0000000084400000, 0x0000000084400000| Complete 
|  69|0x0000000084500000, 0x0000000084500000, 0x0000000084600000|  0%| F|  |TAMS 0x0000000084500000, 0x0000000084500000| Untracked 
|  70|0x0000000084600000, 0x0000000084600000, 0x0000000084700000|  0%| F|  |TAMS 0x0000000084600000, 0x0000000084600000| Untracked 
|  71|0x0000000084700000, 0x0000000084700000, 0x0000000084800000|  0%| F|  |TAMS 0x0000000084700000, 0x0000000084700000| Untracked 
|  72|0x0000000084800000, 0x0000000084800000, 0x0000000084900000|  0%| F|  |TAMS 0x0000000084800000, 0x0000000084800000| Untracked 
|  73|0x0000000084900000, 0x0000000084900000, 0x0000000084a00000|  0%| F|  |TAMS 0x0000000084900000, 0x0000000084900000| Untracked 
|  74|0x0000000084a00000, 0x0000000084a00000, 0x0000000084b00000|  0%| F|  |TAMS 0x0000000084a00000, 0x0000000084a00000| Untracked 
|  75|0x0000000084b00000, 0x0000000084b00000, 0x0000000084c00000|  0%| F|  |TAMS 0x0000000084b00000, 0x0000000084b00000| Untracked 
|  76|0x0000000084c00000, 0x0000000084c00000, 0x0000000084d00000|  0%| F|  |TAMS 0x0000000084c00000, 0x0000000084c00000| Untracked 
|  77|0x0000000084d00000, 0x0000000084d00000, 0x0000000084e00000|  0%| F|  |TAMS 0x0000000084d00000, 0x0000000084d00000| Untracked 
|  78|0x0000000084e00000, 0x0000000084e00000, 0x0000000084f00000|  0%| F|  |TAMS 0x0000000084e00000, 0x0000000084e00000| Untracked 
|  79|0x0000000084f00000, 0x0000000084f00000, 0x0000000085000000|  0%| F|  |TAMS 0x0000000084f00000, 0x0000000084f00000| Untracked 
|  80|0x0000000085000000, 0x0000000085000000, 0x0000000085100000|  0%| F|  |TAMS 0x0000000085000000, 0x0000000085000000| Untracked 
|  81|0x0000000085100000, 0x0000000085100000, 0x0000000085200000|  0%| F|  |TAMS 0x0000000085100000, 0x0000000085100000| Untracked 
|  82|0x0000000085200000, 0x0000000085200000, 0x0000000085300000|  0%| F|  |TAMS 0x0000000085200000, 0x0000000085200000| Untracked 
|  83|0x0000000085300000, 0x0000000085300000, 0x0000000085400000|  0%| F|  |TAMS 0x0000000085300000, 0x0000000085300000| Untracked 
|  84|0x0000000085400000, 0x0000000085400000, 0x0000000085500000|  0%| F|  |TAMS 0x0000000085400000, 0x0000000085400000| Untracked 
|  85|0x0000000085500000, 0x0000000085500000, 0x0000000085600000|  0%| F|  |TAMS 0x0000000085500000, 0x0000000085500000| Untracked 
|  86|0x0000000085600000, 0x0000000085600000, 0x0000000085700000|  0%| F|  |TAMS 0x0000000085600000, 0x0000000085600000| Untracked 
|  87|0x0000000085700000, 0x0000000085700000, 0x0000000085800000|  0%| F|  |TAMS 0x0000000085700000, 0x0000000085700000| Untracked 
|  88|0x0000000085800000, 0x0000000085800000, 0x0000000085900000|  0%| F|  |TAMS 0x0000000085800000, 0x0000000085800000| Untracked 
|  89|0x0000000085900000, 0x0000000085900000, 0x0000000085a00000|  0%| F|  |TAMS 0x0000000085900000, 0x0000000085900000| Untracked 
|  90|0x0000000085a00000, 0x0000000085a00000, 0x0000000085b00000|  0%| F|  |TAMS 0x0000000085a00000, 0x0000000085a00000| Untracked 
|  91|0x0000000085b00000, 0x0000000085b00000, 0x0000000085c00000|  0%| F|  |TAMS 0x0000000085b00000, 0x0000000085b00000| Untracked 
|  92|0x0000000085c00000, 0x0000000085c00000, 0x0000000085d00000|  0%| F|  |TAMS 0x0000000085c00000, 0x0000000085c00000| Untracked 
|  93|0x0000000085d00000, 0x0000000085d00000, 0x0000000085e00000|  0%| F|  |TAMS 0x0000000085d00000, 0x0000000085d00000| Untracked 
|  94|0x0000000085e00000, 0x0000000085e00000, 0x0000000085f00000|  0%| F|  |TAMS 0x0000000085e00000, 0x0000000085e00000| Untracked 
|  95|0x0000000085f00000, 0x0000000085f00000, 0x0000000086000000|  0%| F|  |TAMS 0x0000000085f00000, 0x0000000085f00000| Untracked 
|  96|0x0000000086000000, 0x0000000086000000, 0x0000000086100000|  0%| F|  |TAMS 0x0000000086000000, 0x0000000086000000| Untracked 
|  97|0x0000000086100000, 0x0000000086100000, 0x0000000086200000|  0%| F|  |TAMS 0x0000000086100000, 0x0000000086100000| Untracked 
|  98|0x0000000086200000, 0x0000000086200000, 0x0000000086300000|  0%| F|  |TAMS 0x0000000086200000, 0x0000000086200000| Untracked 
|  99|0x0000000086300000, 0x0000000086300000, 0x0000000086400000|  0%| F|  |TAMS 0x0000000086300000, 0x0000000086300000| Untracked 
| 100|0x0000000086400000, 0x0000000086400000, 0x0000000086500000|  0%| F|  |TAMS 0x0000000086400000, 0x0000000086400000| Untracked 
| 101|0x0000000086500000, 0x0000000086500000, 0x0000000086600000|  0%| F|  |TAMS 0x0000000086500000, 0x0000000086500000| Untracked 
| 102|0x0000000086600000, 0x0000000086600000, 0x0000000086700000|  0%| F|  |TAMS 0x0000000086600000, 0x0000000086600000| Untracked 
| 103|0x0000000086700000, 0x0000000086700000, 0x0000000086800000|  0%| F|  |TAMS 0x0000000086700000, 0x0000000086700000| Untracked 
| 104|0x0000000086800000, 0x0000000086800000, 0x0000000086900000|  0%| F|  |TAMS 0x0000000086800000, 0x0000000086800000| Untracked 
| 105|0x0000000086900000, 0x0000000086900000, 0x0000000086a00000|  0%| F|  |TAMS 0x0000000086900000, 0x0000000086900000| Untracked 
| 106|0x0000000086a00000, 0x0000000086a00000, 0x0000000086b00000|  0%| F|  |TAMS 0x0000000086a00000, 0x0000000086a00000| Untracked 
| 107|0x0000000086b00000, 0x0000000086b00000, 0x0000000086c00000|  0%| F|  |TAMS 0x0000000086b00000, 0x0000000086b00000| Untracked 
| 108|0x0000000086c00000, 0x0000000086c00000, 0x0000000086d00000|  0%| F|  |TAMS 0x0000000086c00000, 0x0000000086c00000| Untracked 
| 109|0x0000000086d00000, 0x0000000086d00000, 0x0000000086e00000|  0%| F|  |TAMS 0x0000000086d00000, 0x0000000086d00000| Untracked 
| 110|0x0000000086e00000, 0x0000000086e00000, 0x0000000086f00000|  0%| F|  |TAMS 0x0000000086e00000, 0x0000000086e00000| Untracked 
| 111|0x0000000086f00000, 0x0000000086f00000, 0x0000000087000000|  0%| F|  |TAMS 0x0000000086f00000, 0x0000000086f00000| Untracked 
| 112|0x0000000087000000, 0x0000000087000000, 0x0000000087100000|  0%| F|  |TAMS 0x0000000087000000, 0x0000000087000000| Untracked 
| 113|0x0000000087100000, 0x0000000087100000, 0x0000000087200000|  0%| F|  |TAMS 0x0000000087100000, 0x0000000087100000| Untracked 
| 114|0x0000000087200000, 0x0000000087200000, 0x0000000087300000|  0%| F|  |TAMS 0x0000000087200000, 0x0000000087200000| Untracked 
| 115|0x0000000087300000, 0x0000000087300000, 0x0000000087400000|  0%| F|  |TAMS 0x0000000087300000, 0x0000000087300000| Untracked 
| 116|0x0000000087400000, 0x0000000087400000, 0x0000000087500000|  0%| F|  |TAMS 0x0000000087400000, 0x0000000087400000| Untracked 
| 117|0x0000000087500000, 0x0000000087500000, 0x0000000087600000|  0%| F|  |TAMS 0x0000000087500000, 0x0000000087500000| Untracked 
| 118|0x0000000087600000, 0x0000000087600000, 0x0000000087700000|  0%| F|  |TAMS 0x0000000087600000, 0x0000000087600000| Untracked 
| 119|0x0000000087700000, 0x0000000087700000, 0x0000000087800000|  0%| F|  |TAMS 0x0000000087700000, 0x0000000087700000| Untracked 
| 120|0x0000000087800000, 0x0000000087800000, 0x0000000087900000|  0%| F|  |TAMS 0x0000000087800000, 0x0000000087800000| Untracked 
| 121|0x0000000087900000, 0x0000000087900000, 0x0000000087a00000|  0%| F|  |TAMS 0x0000000087900000, 0x0000000087900000| Untracked 
| 122|0x0000000087a00000, 0x0000000087a00000, 0x0000000087b00000|  0%| F|  |TAMS 0x0000000087a00000, 0x0000000087a00000| Untracked 
| 123|0x0000000087b00000, 0x0000000087b00000, 0x0000000087c00000|  0%| F|  |TAMS 0x0000000087b00000, 0x0000000087b00000| Untracked 
| 124|0x0000000087c00000, 0x0000000087c00000, 0x0000000087d00000|  0%| F|  |TAMS 0x0000000087c00000, 0x0000000087c00000| Untracked 
| 125|0x0000000087d00000, 0x0000000087d00000, 0x0000000087e00000|  0%| F|  |TAMS 0x0000000087d00000, 0x0000000087d00000| Untracked 
| 126|0x0000000087e00000, 0x0000000087e00000, 0x0000000087f00000|  0%| F|  |TAMS 0x0000000087e00000, 0x0000000087e00000| Untracked 
| 127|0x0000000087f00000, 0x0000000087f00000, 0x0000000088000000|  0%| F|  |TAMS 0x0000000087f00000, 0x0000000087f00000| Untracked 
| 128|0x0000000088000000, 0x0000000088000000, 0x0000000088100000|  0%| F|  |TAMS 0x0000000088000000, 0x0000000088000000| Untracked 
| 129|0x0000000088100000, 0x0000000088100000, 0x0000000088200000|  0%| F|  |TAMS 0x0000000088100000, 0x0000000088100000| Untracked 
| 130|0x0000000088200000, 0x0000000088200000, 0x0000000088300000|  0%| F|  |TAMS 0x0000000088200000, 0x0000000088200000| Untracked 
| 131|0x0000000088300000, 0x0000000088300000, 0x0000000088400000|  0%| F|  |TAMS 0x0000000088300000, 0x0000000088300000| Untracked 
| 132|0x0000000088400000, 0x0000000088400000, 0x0000000088500000|  0%| F|  |TAMS 0x0000000088400000, 0x0000000088400000| Untracked 
| 133|0x0000000088500000, 0x0000000088500000, 0x0000000088600000|  0%| F|  |TAMS 0x0000000088500000, 0x0000000088500000| Untracked 
| 134|0x0000000088600000, 0x0000000088600000, 0x0000000088700000|  0%| F|  |TAMS 0x0000000088600000, 0x0000000088600000| Untracked 
| 135|0x0000000088700000, 0x0000000088700000, 0x0000000088800000|  0%| F|  |TAMS 0x0000000088700000, 0x0000000088700000| Untracked 
| 136|0x0000000088800000, 0x0000000088800000, 0x0000000088900000|  0%| F|  |TAMS 0x0000000088800000, 0x0000000088800000| Untracked 
| 137|0x0000000088900000, 0x0000000088900000, 0x0000000088a00000|  0%| F|  |TAMS 0x0000000088900000, 0x0000000088900000| Untracked 
| 138|0x0000000088a00000, 0x0000000088a00000, 0x0000000088b00000|  0%| F|  |TAMS 0x0000000088a00000, 0x0000000088a00000| Untracked 
| 139|0x0000000088b00000, 0x0000000088b00000, 0x0000000088c00000|  0%| F|  |TAMS 0x0000000088b00000, 0x0000000088b00000| Untracked 
| 140|0x0000000088c00000, 0x0000000088c00000, 0x0000000088d00000|  0%| F|  |TAMS 0x0000000088c00000, 0x0000000088c00000| Untracked 
| 141|0x0000000088d00000, 0x0000000088d00000, 0x0000000088e00000|  0%| F|  |TAMS 0x0000000088d00000, 0x0000000088d00000| Untracked 
| 142|0x0000000088e00000, 0x0000000088e00000, 0x0000000088f00000|  0%| F|  |TAMS 0x0000000088e00000, 0x0000000088e00000| Untracked 
| 143|0x0000000088f00000, 0x0000000088f00000, 0x0000000089000000|  0%| F|  |TAMS 0x0000000088f00000, 0x0000000088f00000| Untracked 
| 144|0x0000000089000000, 0x0000000089000000, 0x0000000089100000|  0%| F|  |TAMS 0x0000000089000000, 0x0000000089000000| Untracked 
| 145|0x0000000089100000, 0x0000000089100000, 0x0000000089200000|  0%| F|  |TAMS 0x0000000089100000, 0x0000000089100000| Untracked 
| 146|0x0000000089200000, 0x0000000089200000, 0x0000000089300000|  0%| F|  |TAMS 0x0000000089200000, 0x0000000089200000| Untracked 
| 147|0x0000000089300000, 0x0000000089300000, 0x0000000089400000|  0%| F|  |TAMS 0x0000000089300000, 0x0000000089300000| Untracked 
| 148|0x0000000089400000, 0x0000000089400000, 0x0000000089500000|  0%| F|  |TAMS 0x0000000089400000, 0x0000000089400000| Untracked 
| 149|0x0000000089500000, 0x0000000089500000, 0x0000000089600000|  0%| F|  |TAMS 0x0000000089500000, 0x0000000089500000| Untracked 
| 150|0x0000000089600000, 0x0000000089600000, 0x0000000089700000|  0%| F|  |TAMS 0x0000000089600000, 0x0000000089600000| Untracked 
| 151|0x0000000089700000, 0x0000000089700000, 0x0000000089800000|  0%| F|  |TAMS 0x0000000089700000, 0x0000000089700000| Untracked 
| 152|0x0000000089800000, 0x0000000089800000, 0x0000000089900000|  0%| F|  |TAMS 0x0000000089800000, 0x0000000089800000| Untracked 
| 153|0x0000000089900000, 0x0000000089900000, 0x0000000089a00000|  0%| F|  |TAMS 0x0000000089900000, 0x0000000089900000| Untracked 
| 154|0x0000000089a00000, 0x0000000089a00000, 0x0000000089b00000|  0%| F|  |TAMS 0x0000000089a00000, 0x0000000089a00000| Untracked 
| 155|0x0000000089b00000, 0x0000000089b00000, 0x0000000089c00000|  0%| F|  |TAMS 0x0000000089b00000, 0x0000000089b00000| Untracked 
| 156|0x0000000089c00000, 0x0000000089c00000, 0x0000000089d00000|  0%| F|  |TAMS 0x0000000089c00000, 0x0000000089c00000| Untracked 
| 157|0x0000000089d00000, 0x0000000089d00000, 0x0000000089e00000|  0%| F|  |TAMS 0x0000000089d00000, 0x0000000089d00000| Untracked 
| 158|0x0000000089e00000, 0x0000000089e00000, 0x0000000089f00000|  0%| F|  |TAMS 0x0000000089e00000, 0x0000000089e00000| Untracked 
| 159|0x0000000089f00000, 0x0000000089f00000, 0x000000008a000000|  0%| F|  |TAMS 0x0000000089f00000, 0x0000000089f00000| Untracked 
| 160|0x000000008a000000, 0x000000008a000000, 0x000000008a100000|  0%| F|  |TAMS 0x000000008a000000, 0x000000008a000000| Untracked 
| 161|0x000000008a100000, 0x000000008a100000, 0x000000008a200000|  0%| F|  |TAMS 0x000000008a100000, 0x000000008a100000| Untracked 
| 162|0x000000008a200000, 0x000000008a200000, 0x000000008a300000|  0%| F|  |TAMS 0x000000008a200000, 0x000000008a200000| Untracked 

Card table byte_map: [0x000002023ca20000,0x000002023ce20000] _byte_map_base: 0x000002023c620000

Marking Bits (Prev, Next): (CMBitMap*) 0x0000020226433568, (CMBitMap*) 0x00000202264335a0
 Prev Bits: [0x000002023d220000, 0x000002023f220000)
 Next Bits: [0x000002023f220000, 0x0000020241220000)

Polling page: 0x0000020224550000

Metaspace:

Usage:
  Non-class:     38.58 MB capacity,    37.89 MB ( 98%) used,   569.49 KB (  1%) free+waste,   137.25 KB ( <1%) overhead. 
      Class:      6.01 MB capacity,     5.57 MB ( 93%) used,   386.11 KB (  6%) free+waste,    69.25 KB (  1%) overhead. 
       Both:     44.59 MB capacity,    43.46 MB ( 97%) used,   955.60 KB (  2%) free+waste,   206.50 KB ( <1%) overhead. 

Virtual space:
  Non-class space:       40.00 MB reserved,      38.75 MB ( 97%) committed 
      Class space:        1.00 GB reserved,       6.07 MB ( <1%) committed 
             Both:        1.04 GB reserved,      44.82 MB (  4%) committed 

Chunk freelists:
   Non-Class:  5.25 KB
       Class:  2.75 KB
        Both:  8.00 KB

CodeHeap 'non-profiled nmethods': size=239488Kb used=6971Kb max_used=6971Kb free=232517Kb
 bounds [0x000002022e040000, 0x000002022e710000, 0x000002023ca20000]
CodeHeap 'non-nmethods': size=6272Kb used=1200Kb max_used=1200Kb free=5072Kb
 bounds [0x000002022da20000, 0x000002022dc90000, 0x000002022e040000]
 total_blobs=4843 nmethods=4304 adapters=465
 compilation: enabled
              stopped_count=0, restarted_count=0
 full_count=0

Compilation events (10 events):
Event: 5.605 Thread 0x000002024367b800 4300       1       org.springframework.cglib.proxy.Enhancer$6::getIndex (17 bytes)
Event: 5.606 Thread 0x000002024367b800 nmethod 4300 0x000002022e70cf10 code [0x000002022e70d0c0, 0x000002022e70d1e8]
Event: 5.606 Thread 0x000002024367b800 4301       1       org.springframework.cglib.proxy.Enhancer$6::emitCallback (10 bytes)
Event: 5.606 Thread 0x000002024367b800 nmethod 4301 0x000002022e70d290 code [0x000002022e70d420, 0x000002022e70d508]
Event: 5.606 Thread 0x000002024367b800 4302       1       org.springframework.cglib.proxy.Enhancer::access$400 (7 bytes)
Event: 5.606 Thread 0x000002024367b800 nmethod 4302 0x000002022e70d610 code [0x000002022e70d7a0, 0x000002022e70d848]
Event: 5.606 Thread 0x000002024367b800 4303       1       org.springframework.cglib.proxy.Enhancer::emitCurrentCallback (59 bytes)
Event: 5.607 Thread 0x000002024367b800 nmethod 4303 0x000002022e70d910 code [0x000002022e70dbe0, 0x000002022e70e3b8]
Event: 5.607 Thread 0x000002024367b800 4304       1       org.springframework.cglib.core.CodeEmitter::invoke_interface (10 bytes)
Event: 5.607 Thread 0x000002024367b800 nmethod 4304 0x000002022e70e910 code [0x000002022e70eaa0, 0x000002022e70eb88]

GC Heap History (10 events):
Event: 1.238 GC heap after
{Heap after GC invocations=4 (full 0):
 garbage-first heap   total 131072K, used 7480K [0x0000000080000000, 0x0000000100000000)
  region size 1024K, 1 young (1024K), 1 survivors (1024K)
 Metaspace       used 17686K, capacity 18147K, committed 18432K, reserved 1064960K
  class space    used 1986K, capacity 2192K, committed 2304K, reserved 1048576K
}
Event: 1.579 GC heap before
{Heap before GC invocations=4 (full 0):
 garbage-first heap   total 131072K, used 26936K [0x0000000080000000, 0x0000000100000000)
  region size 1024K, 22 young (22528K), 1 survivors (1024K)
 Metaspace       used 20652K, capacity 21181K, committed 21248K, reserved 1067008K
  class space    used 2518K, capacity 2757K, committed 2816K, reserved 1048576K
}
Event: 1.587 GC heap after
{Heap after GC invocations=5 (full 0):
 garbage-first heap   total 166912K, used 8467K [0x0000000080000000, 0x0000000100000000)
  region size 1024K, 2 young (2048K), 2 survivors (2048K)
 Metaspace       used 20652K, capacity 21181K, committed 21248K, reserved 1067008K
  class space    used 2518K, capacity 2757K, committed 2816K, reserved 1048576K
}
Event: 1.927 GC heap before
{Heap before GC invocations=6 (full 0):
 garbage-first heap   total 166912K, used 37139K [0x0000000080000000, 0x0000000100000000)
  region size 1024K, 31 young (31744K), 2 survivors (2048K)
 Metaspace       used 26439K, capacity 27171K, committed 27392K, reserved 1073152K
  class space    used 3272K, capacity 3573K, committed 3584K, reserved 1048576K
}
Event: 1.937 GC heap after
{Heap after GC invocations=7 (full 0):
 garbage-first heap   total 166912K, used 9377K [0x0000000080000000, 0x0000000100000000)
  region size 1024K, 3 young (3072K), 3 survivors (3072K)
 Metaspace       used 26439K, capacity 27171K, committed 27392K, reserved 1073152K
  class space    used 3272K, capacity 3573K, committed 3584K, reserved 1048576K
}
Event: 2.785 GC heap before
{Heap before GC invocations=7 (full 0):
 garbage-first heap   total 166912K, used 51361K [0x0000000080000000, 0x0000000100000000)
  region size 1024K, 44 young (45056K), 3 survivors (3072K)
 Metaspace       used 31030K, capacity 31840K, committed 32000K, reserved 1077248K
  class space    used 3886K, capacity 4237K, committed 4352K, reserved 1048576K
}
Event: 2.799 GC heap after
{Heap after GC invocations=8 (full 0):
 garbage-first heap   total 166912K, used 12094K [0x0000000080000000, 0x0000000100000000)
  region size 1024K, 6 young (6144K), 6 survivors (6144K)
 Metaspace       used 31030K, capacity 31840K, committed 32000K, reserved 1077248K
  class space    used 3886K, capacity 4237K, committed 4352K, reserved 1048576K
}
Event: 3.602 GC heap before
{Heap before GC invocations=8 (full 0):
 garbage-first heap   total 166912K, used 64318K [0x0000000080000000, 0x0000000100000000)
  region size 1024K, 58 young (59392K), 6 survivors (6144K)
 Metaspace       used 34792K, capacity 35738K, committed 35840K, reserved 1081344K
  class space    used 4436K, capacity 4816K, committed 4864K, reserved 1048576K
}
Event: 3.627 GC heap after
{Heap after GC invocations=9 (full 0):
 garbage-first heap   total 166912K, used 15339K [0x0000000080000000, 0x0000000100000000)
  region size 1024K, 7 young (7168K), 7 survivors (7168K)
 Metaspace       used 34792K, capacity 35738K, committed 35840K, reserved 1081344K
  class space    used 4436K, capacity 4816K, committed 4864K, reserved 1048576K
}
Event: 5.608 GC heap before
{Heap before GC invocations=10 (full 0):
 garbage-first heap   total 166912K, used 104427K [0x0000000080000000, 0x0000000100000000)
  region size 1024K, 94 young (96256K), 7 survivors (7168K)
 Metaspace       used 44501K, capacity 45664K, committed 45900K, reserved 1089536K
  class space    used 5698K, capacity 6154K, committed 6220K, reserved 1048576K
}

Deoptimization events (0 events):
No events

Classes redefined (0 events):
No events

Internal exceptions (10 events):
Event: 4.420 Thread 0x00000202263f5800 Exception <a 'java/lang/ClassNotFoundException'{0x0000000087a0ff08}: org/springframework/beans/factory/AwareCustomizer> (0x0000000087a0ff08) thrown at [./open/src/hotspot/share/classfile/systemDictionary.cpp, line 227]
Event: 4.420 Thread 0x00000202263f5800 Exception <a 'java/lang/ClassNotFoundException'{0x0000000087a1bf80}: org/springframework/context/ApplicationContextAwareCustomizer> (0x0000000087a1bf80) thrown at [./open/src/hotspot/share/classfile/systemDictionary.cpp, line 227]
Event: 4.421 Thread 0x00000202263f5800 Exception <a 'java/lang/ClassNotFoundException'{0x0000000087a27fe0}: org/springframework/beans/factory/AwareCustomizer> (0x0000000087a27fe0) thrown at [./open/src/hotspot/share/classfile/systemDictionary.cpp, line 227]
Event: 4.422 Thread 0x00000202263f5800 Exception <a 'java/lang/ClassNotFoundException'{0x0000000087a34020}: org/springframework/web/context/ServletContextAwareCustomizer> (0x0000000087a34020) thrown at [./open/src/hotspot/share/classfile/systemDictionary.cpp, line 227]
Event: 4.422 Thread 0x00000202263f5800 Exception <a 'java/lang/ClassNotFoundException'{0x0000000087a3fb58}: org/springframework/beans/factory/AwareCustomizer> (0x0000000087a3fb58) thrown at [./open/src/hotspot/share/classfile/systemDictionary.cpp, line 227]
Event: 4.538 Thread 0x00000202263f5800 Exception <a 'java/lang/NoSuchMethodError'{0x0000000087224338}: java.lang.invoke.DirectMethodHandle$Holder.invokeVirtual(Ljava/lang/Object;Ljava/lang/Object;I)V> (0x0000000087224338) thrown at [./open/src/hotspot/share/interpreter/linkResolver.cpp, line 7
Event: 4.643 Thread 0x0000020244b39000 Exception <a 'java/lang/reflect/InvocationTargetException'{0x0000000088105e30}> (0x0000000088105e30) thrown at [./open/src/hotspot/share/runtime/reflection.cpp, line 1242]
Event: 5.024 Thread 0x00000202263f5800 Exception <a 'java/lang/NoSuchMethodError'{0x0000000085ab0000}: java.lang.invoke.DirectMethodHandle$Holder.invokeSpecialIFC(Ljava/lang/Object;Ljava/lang/Object;Ljava/lang/Object;Ljava/lang/Object;)Ljava/lang/Object;> (0x0000000085ab0000) thrown at [./open
Event: 5.236 Thread 0x00000202263f5800 Exception <a 'sun/nio/fs/WindowsException'{0x00000000853fe6a8}> (0x00000000853fe6a8) thrown at [./open/src/hotspot/share/prims/jni.cpp, line 611]
Event: 5.243 Thread 0x00000202263f5800 Exception <a 'java/lang/NoSuchMethodError'{0x00000000852241c0}: java.lang.invoke.DirectMethodHandle$Holder.invokeStaticInit(Ljava/lang/Object;Ljava/lang/Object;Ljava/lang/Object;Ljava/lang/Object;)I> (0x00000000852241c0) thrown at [./open/src/hotspot/shar

Events (10 events):
Event: 5.595 loading class jdk/internal/math/FDBigInteger done
Event: 5.596 loading class jdk/internal/reflect/UnsafeDoubleFieldAccessorImpl
Event: 5.596 loading class jdk/internal/reflect/UnsafeDoubleFieldAccessorImpl done
Event: 5.597 loading class org/hibernate/validator/internal/util/logging/Log_$logger_en_US
Event: 5.597 loading class org/hibernate/validator/internal/util/logging/Log_$logger_en_US done
Event: 5.597 loading class org/hibernate/validator/internal/util/logging/Log_$logger_en
Event: 5.597 loading class org/hibernate/validator/internal/util/logging/Log_$logger_en done
Event: 5.599 loading class org/hibernate/validator/internal/constraintvalidators/bv/number/bound/NumberComparatorHelper
Event: 5.599 loading class org/hibernate/validator/internal/constraintvalidators/bv/number/bound/NumberComparatorHelper done
Event: 5.607 Executing VM operation: G1CollectForAllocation


Dynamic libraries:
0x00007ff60d0d0000 - 0x00007ff60d0df000 	C:\Program Files\Java\jdk-11.0.13\bin\javaw.exe
0x00007ffb7be10000 - 0x00007ffb7c005000 	C:\Windows\SYSTEM32\ntdll.dll
0x00007ffb7b440000 - 0x00007ffb7b4fd000 	C:\Windows\System32\KERNEL32.DLL
0x00007ffb79950000 - 0x00007ffb79c1d000 	C:\Windows\System32\KERNELBASE.dll
0x00007ffb79620000 - 0x00007ffb79720000 	C:\Windows\System32\ucrtbase.dll
0x00007ffb62600000 - 0x00007ffb62618000 	C:\Program Files\Java\jdk-11.0.13\bin\jli.dll
0x00007ffb7ae90000 - 0x00007ffb7af3e000 	C:\Windows\System32\ADVAPI32.dll
0x00007ffb7bc10000 - 0x00007ffb7bcae000 	C:\Windows\System32\msvcrt.dll
0x00007ffb7ab90000 - 0x00007ffb7ac2c000 	C:\Windows\System32\sechost.dll
0x00007ffb7ac30000 - 0x00007ffb7ad55000 	C:\Windows\System32\RPCRT4.dll
0x00007ffb7b700000 - 0x00007ffb7b8a0000 	C:\Windows\System32\USER32.dll
0x00007ffb79920000 - 0x00007ffb79942000 	C:\Windows\System32\win32u.dll
0x00007ffb7b530000 - 0x00007ffb7b55a000 	C:\Windows\System32\GDI32.dll
0x00007ffb79770000 - 0x00007ffb7987b000 	C:\Windows\System32\gdi32full.dll
0x00007ffb79880000 - 0x00007ffb7991d000 	C:\Windows\System32\msvcp_win.dll
0x00007ffb5e490000 - 0x00007ffb5e4a5000 	C:\Program Files\Java\jdk-11.0.13\bin\VCRUNTIME140.dll
0x00007ffb5b660000 - 0x00007ffb5b8fa000 	C:\Windows\WinSxS\amd64_microsoft.windows.common-controls_6595b64144ccf1df_6.0.19041.1110_none_60b5254171f9507e\COMCTL32.dll
0x00007ffb71720000 - 0x00007ffb7172a000 	C:\Windows\SYSTEM32\VERSION.dll
0x00007ffb7b500000 - 0x00007ffb7b530000 	C:\Windows\System32\IMM32.DLL
0x00007ffb49360000 - 0x00007ffb493fb000 	C:\Program Files\Java\jdk-11.0.13\bin\msvcp140.dll
0x00007ffb2e220000 - 0x00007ffb2ed33000 	C:\Program Files\Java\jdk-11.0.13\bin\server\jvm.dll
0x00007ffb7bab0000 - 0x00007ffb7bab8000 	C:\Windows\System32\PSAPI.DLL
0x00007ffb67410000 - 0x00007ffb67419000 	C:\Windows\SYSTEM32\WSOCK32.dll
0x00007ffb7af40000 - 0x00007ffb7afab000 	C:\Windows\System32\WS2_32.dll
0x00007ffb57680000 - 0x00007ffb576a7000 	C:\Windows\SYSTEM32\WINMM.dll
0x00007ffb77400000 - 0x00007ffb77412000 	C:\Windows\SYSTEM32\kernel.appcore.dll
0x00007ffb62cf0000 - 0x00007ffb62d00000 	C:\Program Files\Java\jdk-11.0.13\bin\verify.dll
0x00007ffb6acd0000 - 0x00007ffb6aeb4000 	C:\Windows\SYSTEM32\DBGHELP.DLL
0x00007ffb6aca0000 - 0x00007ffb6accc000 	C:\Windows\SYSTEM32\dbgcore.DLL
0x00007ffb79520000 - 0x00007ffb795a2000 	C:\Windows\System32\bcryptPrimitives.dll
0x00007ffb5d910000 - 0x00007ffb5d938000 	C:\Program Files\Java\jdk-11.0.13\bin\java.dll
0x00007ffb62c40000 - 0x00007ffb62c4a000 	C:\Program Files\Java\jdk-11.0.13\bin\jimage.dll
0x00007ffb5d4c0000 - 0x00007ffb5d4d6000 	C:\Program Files\Java\jdk-11.0.13\bin\zip.dll
0x00007ffb7a440000 - 0x00007ffb7ab84000 	C:\Windows\System32\SHELL32.dll
0x00007ffb77600000 - 0x00007ffb77d94000 	C:\Windows\SYSTEM32\windows.storage.dll
0x00007ffb7afb0000 - 0x00007ffb7b304000 	C:\Windows\System32\combase.dll
0x00007ffb78dd0000 - 0x00007ffb78dfc000 	C:\Windows\SYSTEM32\Wldp.dll
0x00007ffb7b650000 - 0x00007ffb7b6fd000 	C:\Windows\System32\SHCORE.dll
0x00007ffb7ad60000 - 0x00007ffb7adb5000 	C:\Windows\System32\shlwapi.dll
0x00007ffb79460000 - 0x00007ffb7947f000 	C:\Windows\SYSTEM32\profapi.dll
0x00007ffb5b510000 - 0x00007ffb5b529000 	C:\Program Files\Java\jdk-11.0.13\bin\net.dll
0x00007ffb70d90000 - 0x00007ffb70e9a000 	C:\Windows\SYSTEM32\WINHTTP.dll
0x00007ffb78bb0000 - 0x00007ffb78c1a000 	C:\Windows\system32\mswsock.dll
0x00007ffb573b0000 - 0x00007ffb573c2000 	C:\Program Files\Java\jdk-11.0.13\bin\nio.dll
0x00007ffb628b0000 - 0x00007ffb628b9000 	C:\Program Files\Java\jdk-11.0.13\bin\management.dll
0x00007ffb62860000 - 0x00007ffb6286b000 	C:\Program Files\Java\jdk-11.0.13\bin\management_ext.dll
0x00007ffb612c0000 - 0x00007ffb612d7000 	C:\Windows\system32\napinsp.dll
0x00007ffb612a0000 - 0x00007ffb612bb000 	C:\Windows\system32\pnrpnsp.dll
0x00007ffb61280000 - 0x00007ffb61295000 	C:\Windows\system32\wshbth.dll
0x00007ffb74ee0000 - 0x00007ffb74efd000 	C:\Windows\system32\NLAapi.dll
0x00007ffb788c0000 - 0x00007ffb788fb000 	C:\Windows\SYSTEM32\IPHLPAPI.DLL
0x00007ffb78900000 - 0x00007ffb789cb000 	C:\Windows\SYSTEM32\DNSAPI.dll
0x00007ffb7a420000 - 0x00007ffb7a428000 	C:\Windows\System32\NSI.dll
0x00007ffb61260000 - 0x00007ffb61272000 	C:\Windows\System32\winrnr.dll
0x00007ffb708c0000 - 0x00007ffb708ca000 	C:\Windows\System32\rasadhlp.dll
0x00007ffb70950000 - 0x00007ffb709d0000 	C:\Windows\System32\fwpuclnt.dll
0x00007ffb79e30000 - 0x00007ffb79e57000 	C:\Windows\System32\bcrypt.dll
0x00007ffb78e10000 - 0x00007ffb78e28000 	C:\Windows\SYSTEM32\CRYPTSP.dll
0x00007ffb78550000 - 0x00007ffb78584000 	C:\Windows\system32\rsaenh.dll
0x00007ffb793e0000 - 0x00007ffb7940e000 	C:\Windows\SYSTEM32\USERENV.dll
0x00007ffb78d40000 - 0x00007ffb78d4c000 	C:\Windows\SYSTEM32\CRYPTBASE.dll
0x00007ffb720d0000 - 0x00007ffb720e7000 	C:\Windows\SYSTEM32\dhcpcsvc6.DLL
0x00007ffb720b0000 - 0x00007ffb720cd000 	C:\Windows\SYSTEM32\dhcpcsvc.DLL
0x00007ffb62720000 - 0x00007ffb6272d000 	C:\Program Files\Java\jdk-11.0.13\bin\sunmscapi.dll
0x00007ffb79c20000 - 0x00007ffb79d76000 	C:\Windows\System32\CRYPT32.dll
0x00007ffb78f20000 - 0x00007ffb78f47000 	C:\Windows\SYSTEM32\ncrypt.dll
0x00007ffb78ee0000 - 0x00007ffb78f1b000 	C:\Windows\SYSTEM32\NTASN1.dll
0x00007ffb53ea0000 - 0x00007ffb53ec5000 	C:\Program Files\Java\jdk-11.0.13\bin\sunec.dll

dbghelp: loaded successfully - version: 4.0.5 - missing functions: none
symbol engine: initialized successfully - sym options: 0x614 - pdb path: .;C:\Program Files\Java\jdk-11.0.13\bin;C:\Windows\SYSTEM32;C:\Windows\WinSxS\amd64_microsoft.windows.common-controls_6595b64144ccf1df_6.0.19041.1110_none_60b5254171f9507e;C:\Program Files\Java\jdk-11.0.13\bin\server

VM Arguments:
jvm_args: -Dcom.sun.management.jmxremote -Dcom.sun.management.jmxremote.port=56377 -Dcom.sun.management.jmxremote.authenticate=false -Dcom.sun.management.jmxremote.ssl=false -Djava.rmi.server.hostname=localhost -Dspring.jmx.enabled=true -Dspring.application.admin.enabled=true -XX:TieredStopAtLevel=1 -Dspring.boot.project.name=greeting-service -Dfile.encoding=UTF-8 
java_command: com.javatechie.spring.consul.api.GreetingServiceApplication --spring.output.ansi.enabled=always
java_class_path (initial): C:\Users\sfjbs\Downloads\tcsbatch-main (6)\tcsbatch-main\day 12th consule microservice intercommuntincation\greeting-service\target\classes;C:\Users\sfjbs\.m2\repository\org\springframework\boot\spring-boot-starter-web\2.1.4.RELEASE\spring-boot-starter-web-2.1.4.RELEASE.jar;C:\Users\sfjbs\.m2\repository\org\springframework\boot\spring-boot-starter\2.1.4.RELEASE\spring-boot-starter-2.1.4.RELEASE.jar;C:\Users\sfjbs\.m2\repository\org\springframework\boot\spring-boot\2.1.4.RELEASE\spring-boot-2.1.4.RELEASE.jar;C:\Users\sfjbs\.m2\repository\org\springframework\boot\spring-boot-autoconfigure\2.1.4.RELEASE\spring-boot-autoconfigure-2.1.4.RELEASE.jar;C:\Users\sfjbs\.m2\repository\org\springframework\boot\spring-boot-starter-logging\2.1.4.RELEASE\spring-boot-starter-logging-2.1.4.RELEASE.jar;C:\Users\sfjbs\.m2\repository\ch\qos\logback\logback-classic\1.2.3\logback-classic-1.2.3.jar;C:\Users\sfjbs\.m2\repository\ch\qos\logback\logback-core\1.2.3\logback-core-1.2.3.jar;C:\Users\sfjbs\.m2\repository\org\apache\logging\log4j\log4j-to-slf4j\2.11.2\log4j-to-slf4j-2.11.2.jar;C:\Users\sfjbs\.m2\repository\org\apache\logging\log4j\log4j-api\2.11.2\log4j-api-2.11.2.jar;C:\Users\sfjbs\.m2\repository\org\slf4j\jul-to-slf4j\1.7.26\jul-to-slf4j-1.7.26.jar;C:\Users\sfjbs\.m2\repository\javax\annotation\javax.annotation-api\1.3.2\javax.annotation-api-1.3.2.jar;C:\Users\sfjbs\.m2\repository\org\yaml\snakeyaml\1.23\snakeyaml-1.23.jar;C:\Users\sfjbs\.m2\repository\org\springframework\boot\spring-boot-starter-json\2.1.4.RELEASE\spring-boot-starter-json-2.1.4.RELEASE.jar;C:\Users\sfjbs\.m2\repository\com\fasterxml\jackson\core\jackson-databind\2.9.8\jackson-databind-2.9.8.jar;C:\Users\sfjbs\.m2\repository\com\fasterxml\jackson\core\jackson-annotations\2.9.0\jackson-annotations-2.9.0.jar;C:\Users\sfjbs\.m2\repository\com\fasterxml\jackson\core\jackson-core\2.9.8\jackson-core-2.9.8.jar;C:\Users\sfjbs\.m2\repository\com\fasterxml\jackson\datatype\jackson-datatype-jdk8
Launcher Type: SUN_STANDARD

[Global flags]
     intx CICompilerCount                          = 2                                         {product} {ergonomic}
     uint ConcGCThreads                            = 1                                         {product} {ergonomic}
     uint G1ConcRefinementThreads                  = 2                                         {product} {ergonomic}
   size_t G1HeapRegionSize                         = 1048576                                   {product} {ergonomic}
    uintx GCDrainStackTargetSize                   = 64                                        {product} {ergonomic}
   size_t InitialHeapSize                          = 134217728                                 {product} {ergonomic}
     bool ManagementServer                         = true                                      {product} {command line}
   size_t MarkStackSize                            = 4194304                                   {product} {ergonomic}
   size_t MaxHeapSize                              = 2147483648                                {product} {ergonomic}
   size_t MaxNewSize                               = 1287651328                                {product} {ergonomic}
   size_t MinHeapDeltaBytes                        = 1048576                                   {product} {ergonomic}
    uintx NonNMethodCodeHeapSize                   = 6396312                                {pd product} {ergonomic}
    uintx NonProfiledCodeHeapSize                  = 245261928                              {pd product} {ergonomic}
    uintx ProfiledCodeHeapSize                     = 0                                      {pd product} {ergonomic}
    uintx ReservedCodeCacheSize                    = 251658240                              {pd product} {ergonomic}
     bool SegmentedCodeCache                       = true                                      {product} {ergonomic}
     intx TieredStopAtLevel                        = 1                                         {product} {command line}
     bool UseCompressedClassPointers               = true                                 {lp64_product} {ergonomic}
     bool UseCompressedOops                        = true                                 {lp64_product} {ergonomic}
     bool UseG1GC                                  = true                                      {product} {ergonomic}
     bool UseLargePagesIndividualAllocation        = false                                  {pd product} {ergonomic}

Logging:
Log output configuration:
 #0: stdout all=warning uptime,level,tags
 #1: stderr all=off uptime,level,tags

Environment Variables:
PATH=C:/Users/sfjbs/Downloads/sts-4.14.1.RELEASE//plugins/org.eclipse.justj.openjdk.hotspot.jre.full.win32.x86_64_17.0.2.v20220201-1208/jre/bin/server;C:/Users/sfjbs/Downloads/sts-4.14.1.RELEASE//plugins/org.eclipse.justj.openjdk.hotspot.jre.full.win32.x86_64_17.0.2.v20220201-1208/jre/bin;C:\Program Files\Common Files\Oracle\Java\javapath;C:\Windows\system32;C:\Windows;C:\Windows\System32\Wbem;C:\Windows\System32\WindowsPowerShell\v1.0\;C:\Windows\System32\OpenSSH\;C:\Users\sfjbs\Downloads\javamicro-20220514T085831Z-001\javamicro\apache-maven-3.8.5-bin\apache-maven-3.8.5\bin;C:\Users\sfjbs\Downloads\javamicro-20220514T085831Z-001\javamicro\apache-maven-3.8.5-bin\apache-maven-3.8.5\lib;C:\Program Files\Docker\Docker\resources\bin;C:\ProgramData\DockerDesktop\version-bin;C:\Program Files\Git\cmd;C:\Users\sfjbs\AppData\Local\Microsoft\WindowsApps;C:\Users\sfjbs\Downloads\javamicro-20220514T085831Z-001\javamicro\apache-maven-3.8.5-bin\apache-maven-3.8.5\bin;C:\Users\sfjbs\Downloads\javamicro-20220514T085831Z-001\javamicro\apache-maven-3.8.5-bin\apache-maven-3.8.5\lib;;C:\Program Files\JetBrains\IntelliJ IDEA Community Edition 2021.3.3\bin;;C:\Users\sfjbs\Downloads\sts-4.14.1.RELEASE;
USERNAME=sfjbs
OS=Windows_NT
PROCESSOR_IDENTIFIER=Intel64 Family 6 Model 85 Stepping 7, GenuineIntel



---------------  S Y S T E M  ---------------

OS: Windows 10 , 64 bit Build 19041 (10.0.19041.1706)
Hyper-V role detected

CPU:total 2 (initial active 2) (1 cores per cpu, 2 threads per core) family 6 model 85 stepping 7 microcode 0xffffffff, cmov, cx8, fxsr, mmx, sse, sse2, sse3, ssse3, sse4.1, sse4.2, popcnt, avx, avx2, aes, clmul, erms, rtm, 3dnowpref, lzcnt, ht, tsc, bmi1, bmi2, adx, evex, fma

Memory: 4k page, system-wide physical 8190M (1146M free)
TotalPageFile size 10238M (AvailPageFile size 31M)
current process WorkingSet (physical memory assigned to process): 225M, peak: 225M
current process commit charge ("private bytes"): 297M, peak: 362M

vm_info: Java HotSpot(TM) 64-Bit Server VM (11.0.13+10-LTS-370) for windows-amd64 JRE (11.0.13+10-LTS-370), built on Sep 15 2021 22:10:36 by "mach5one" with MS VC++ 15.9 (VS2017)

END.
